./Makefile:10: MINOR:C-G7
./Makefile:44: MINOR:C-G8
./displays_functions.c:13: MINOR:C-V3
./displays_functions.o:1: MAJOR:C-O1
./flags.h:9: MINOR:C-V1
./flags/flag_o.c:1: MINOR:C-G1
./get_adress.c:10: MAJOR:C-H1
./get_adress.c:12: MINOR:C-L4
./hexadecimal.c:10: MINOR:C-L4
./hexadecimal_X.c:1: MINOR:C-O4
./hexadecimal_X.c:10: MINOR:C-F2
./hexadecimal_X.c:10: MINOR:C-L4
./libmy.a:1: MAJOR:C-O1
./main_putnbrbase.c:3: MINOR:C-G7
./main_putnbrbase.c:10: MAJOR:C-H1
./main_putnbrbase.c:11: MAJOR:C-H1
./main_putnbrbase.c:12: MAJOR:C-H1
./main_putnbrbase.c:17: MINOR:C-L6
./main_putnbrbase.c:18: MINOR:C-F8
./main_putnbrbase.c:19: MINOR:C-F8
./main_putnbrbase.c:20: MINOR:C-L6
./mini_printf.o:1: MAJOR:C-O1
./my_compute_power_rec.o:1: MAJOR:C-O1
./my_evil_str.o:1: MAJOR:C-O1
./my_float.o:1: MAJOR:C-O1
./my_put_hexa_unsi_long.c:20: MINOR:C-L2
./my_put_nbr.c:14: MINOR:C-L6
./my_put_nbr.o:1: MAJOR:C-O1
./my_put_nbr_base.c:20: MINOR:C-L6
./my_put_nbr_base.c:29: MINOR:C-L4
./my_put_nbr_base.o:1: MAJOR:C-O1
./my_put_nbr_unsi.c:5: MINOR:C-G7
./my_put_nbr_unsi.c:14: MINOR:C-L6
./my_putchar.o:1: MAJOR:C-O1
./my_putstr.o:1: MAJOR:C-O1
./my_strlen.o:1: MAJOR:C-O1
./octal.c:19: MINOR:C-L6
./unit_tests:1: MAJOR:C-O1
./unit_tests-displays_functions.gcda:1: MAJOR:C-O1
./unit_tests-displays_functions.gcno:1: MAJOR:C-O1
./unit_tests-mini_printf.gcda:1: MAJOR:C-O1
./unit_tests-mini_printf.gcno:1: MAJOR:C-O1
./unit_tests-my_compute_power_rec.gcda:1: MAJOR:C-O1
./unit_tests-my_compute_power_rec.gcno:1: MAJOR:C-O1
./unit_tests-my_float.gcda:1: MAJOR:C-O1
./unit_tests-my_float.gcno:1: MAJOR:C-O1
./unit_tests-my_float_tests.gcda:1: MAJOR:C-O1
./unit_tests-my_float_tests.gcno:1: MAJOR:C-O1
./unit_tests-my_put_nbr.gcda:1: MAJOR:C-O1
./unit_tests-my_put_nbr.gcno:1: MAJOR:C-O1
./unit_tests-my_put_nbr_base.gcda:1: MAJOR:C-O1
./unit_tests-my_put_nbr_base.gcno:1: MAJOR:C-O1
./unit_tests-my_putchar.gcda:1: MAJOR:C-O1
./unit_tests-my_putchar.gcno:1: MAJOR:C-O1
./unit_tests-my_putstr.gcda:1: MAJOR:C-O1
./unit_tests-my_putstr.gcno:1: MAJOR:C-O1
./unit_tests-my_strlen.gcda:1: MAJOR:C-O1
./unit_tests-my_strlen.gcno:1: MAJOR:C-O1
./unit_tests2:1: MAJOR:C-O1
./unit_tests2-main.gcda:1: MAJOR:C-O1
./unit_tests2-main.gcno:1: MAJOR:C-O1
